<?xml version="1.0" encoding="UTF-8"?>
<testsuite name="com.bestbuy.cucumber.CucumberRunner" time="8.337" tests="55" errors="0" skipped="0" failures="0">
  <properties>
[...]
</properties>
  <testcase name="When User sends a GET request to categories endpoint, they must get back a valid status code 200" classname="Scenario: Verify if the best buy categories application can be accessed by users" time="0.001"/>
  <testcase name="Scenario: Verify if the best buy categories application can be accessed by users" classname="Scenario: Verify if the best buy categories application can be accessed by users" time="3.87"/>
  <testcase name="When I create new categories by providing the information name and id" classname="Scenario: Create a new categories and verify if categories is added" time="0"/>
  <testcase name="Then I verify the categories is created" classname="Scenario: Create a new categories and verify if categories is added" time="0"/>
  <testcase name="Scenario: Create a new categories and verify if categories is added" classname="Scenario: Create a new categories and verify if categories is added" time="0.126"/>
  <testcase name="When I send GET request to categories endpoint with Id &quot;id&quot; , I should received the categories information" classname="Scenario: Getting categories information by Id" time="0"/>
  <testcase name="Scenario: Getting categories information by Id" classname="Scenario: Getting categories information by Id" time="0.136"/>
  <testcase name="When I update a created categories providing the new name" classname="Scenario: Update the created categories record and verify if the categories is updated" time="0"/>
  <testcase name="Then I verify the categories is updated" classname="Scenario: Update the created categories record and verify if the categories is updated" time="0"/>
  <testcase name="Scenario: Update the created categories record and verify if the categories is updated" classname="Scenario: Update the created categories record and verify if the categories is updated" time="0.16"/>
  <testcase name="When I delete a created categories , they must get back a valid status code is 200" classname="Scenario: Delete a created categories and verify the categories is deleted" time="0"/>
  <testcase name="Then I verify the categories is deleted" classname="Scenario: Delete a created categories and verify the categories is deleted" time="0"/>
  <testcase name="Scenario: Delete a created categories and verify the categories is deleted" classname="Scenario: Delete a created categories and verify the categories is deleted" time="0.149"/>
  <testcase name="When User sends a GET request to products endpoint, they must get back a valid status code 200" classname="Scenario: check if the best buy product application can be accessed by user" time="0"/>
  <testcase name="Scenario: check if the best buy product application can be accessed by user" classname="Scenario: check if the best buy product application can be accessed by user" time="0.058"/>
  <testcase name="When I create a new product by providing the information name type upc price&quot;78.23&quot; description&quot;This is a placeholder request for creating a new product&quot;model" classname="| 78.23 | This is a placeholder request for creating a new product |" time="0"/>
  <testcase name="Then I verify the product is created" classname="| 78.23 | This is a placeholder request for creating a new product |" time="0"/>
  <testcase name="| 78.23 | This is a placeholder request for creating a new product |" classname="| 78.23 | This is a placeholder request for creating a new product |" time="0.002"/>
  <testcase name="When I create a new product by providing the information name type upc price&quot;70.23&quot; description&quot;latest high-tech mobile phone&quot;model" classname="| 70.23 | latest high-tech mobile phone |" time="0"/>
  <testcase name="Then I verify the product is created" classname="| 70.23 | latest high-tech mobile phone |" time="0"/>
  <testcase name="| 70.23 | latest high-tech mobile phone |" classname="| 70.23 | latest high-tech mobile phone |" time="0.319"/>
  <testcase name="When I send GET request to product endpoint with Id &quot;Id&quot; , I should received the product information" classname="Scenario: Getting product information by Id" time="0"/>
  <testcase name="Scenario: Getting product information by Id" classname="Scenario: Getting product information by Id" time="0.456"/>
  <testcase name="When I update a created product providing the new name upc price and description" classname="Scenario: Update a created product &amp; verify if the product is updated" time="0"/>
  <testcase name="Then I verify the product is updated" classname="Scenario: Update a created product &amp; verify if the product is updated" time="0"/>
  <testcase name="Scenario: Update a created product &amp; verify if the product is updated" classname="Scenario: Update a created product &amp; verify if the product is updated" time="0.343"/>
  <testcase name="When I delete a created product ,they must get back a valid status code is 200" classname="Scenario: Delete a created product &amp; verify the product is deleted" time="0"/>
  <testcase name="Then I verify the product is deleted" classname="Scenario: Delete a created product &amp; verify the product is deleted" time="0"/>
  <testcase name="Scenario: Delete a created product &amp; verify the product is deleted" classname="Scenario: Delete a created product &amp; verify the product is deleted" time="0.315"/>
  <testcase name="When Users sends a GET request to the services endpoint, they must get back a valid status code 200" classname="Scenario: Verify if the best buy services application can be accessed by users" time="0"/>
  <testcase name="Scenario: Verify if the best buy services application can be accessed by users" classname="Scenario: Verify if the best buy services application can be accessed by users" time="0.305"/>
  <testcase name="When I create a new services by providing the information name" classname="Scenario: Create a new services and verify if the service is added" time="0"/>
  <testcase name="Then I verify the services is created" classname="Scenario: Create a new services and verify if the service is added" time="0"/>
  <testcase name="Scenario: Create a new services and verify if the service is added" classname="Scenario: Create a new services and verify if the service is added" time="0.165"/>
  <testcase name="When I send GET request to services endpoint Id &quot;Id&quot;,I should received the services information" classname="Scenario: Getting services information by Id" time="0"/>
  <testcase name="Scenario: Getting services information by Id" classname="Scenario: Getting services information by Id" time="0.181"/>
  <testcase name="When I update a created services providing the new name" classname="Scenario: Update a created services and verify if the service is updated" time="0"/>
  <testcase name="Then I verify the services is updated" classname="Scenario: Update a created services and verify if the service is updated" time="0"/>
  <testcase name="Scenario: Update a created services and verify if the service is updated" classname="Scenario: Update a created services and verify if the service is updated" time="0.275"/>
  <testcase name="When I delete a created services, they must get back a valid status code is 200" classname="Scenario: Delete a created services and verify the services is deleted" time="0"/>
  <testcase name="Then I verify the services is created is deleted" classname="Scenario: Delete a created services and verify the services is deleted" time="0.001"/>
  <testcase name="Scenario: Delete a created services and verify the services is deleted" classname="Scenario: Delete a created services and verify the services is deleted" time="0.226"/>
  <testcase name="When User sends a GET request to the stores endpoint, they must get back a valid status code 200" classname="Scenario: Verify if the best buy stores application can be accessed by users" time="0"/>
  <testcase name="Scenario: Verify if the best buy stores application can be accessed by users" classname="Scenario: Verify if the best buy stores application can be accessed by users" time="0.004"/>
  <testcase name="When I create a new stores by providing the information name type address addresstwo city state zip lat &quot;23.124356&quot; lng &quot;-89.332456&quot; hours &quot;Mon: 9-6; Tue: 9-6; Wed: 9-6; Thurs: 9-6; Fri: 9-6; Sat: 9-6; Sun: 9-6&quot;" classname="| 23.124356 | -89.332456 | Mon: 9-6; Tue: 9-6; Wed: 9-6; Thurs: 9-6; Fri: 9-6; Sat: 9-6; Sun: 9-6 |" time="0"/>
  <testcase name="Then I verify the stores is created" classname="| 23.124356 | -89.332456 | Mon: 9-6; Tue: 9-6; Wed: 9-6; Thurs: 9-6; Fri: 9-6; Sat: 9-6; Sun: 9-6 |" time="0"/>
  <testcase name="| 23.124356 | -89.332456 | Mon: 9-6; Tue: 9-6; Wed: 9-6; Thurs: 9-6; Fri: 9-6; Sat: 9-6; Sun: 9-6 |" classname="| 23.124356 | -89.332456 | Mon: 9-6; Tue: 9-6; Wed: 9-6; Thurs: 9-6; Fri: 9-6; Sat: 9-6; Sun: 9-6 |" time="0.217"/>
  <testcase name="When I send GET request to stores endpoint with Id &quot;id&quot;, I should received the store information" classname="Scenario: Getting stores information by Id" time="0"/>
  <testcase name="Scenario: Getting stores information by Id" classname="Scenario: Getting stores information by Id" time="0.167"/>
  <testcase name="When I update a created store providing the new name type and hours" classname="Scenario: Update a created store and verify if the store is updated" time="0"/>
  <testcase name="Then I verify the store is updated" classname="Scenario: Update a created store and verify if the store is updated" time="0"/>
  <testcase name="Scenario: Update a created store and verify if the store is updated" classname="Scenario: Update a created store and verify if the store is updated" time="0.546"/>
  <testcase name="When I delete a created store, they must get back a valid status code is 200" classname="Scenario: Delete a created store and verify the store is deleted" time="0"/>
  <testcase name="Then I verify the store is deleted" classname="Scenario: Delete a created store and verify the store is deleted" time="0"/>
  <testcase name="Scenario: Delete a created store and verify the store is deleted" classname="Scenario: Delete a created store and verify the store is deleted" time="0.315"/>
</testsuite>