<?xml version="1.0" encoding="UTF-8"?><testsuite errors="0" failures="0" name="Testing different requests on the best buy product application" skipped="0" tests="6" time="1.96" timestamp="2021-08-02T22:21:11.177+01:00[Europe/London]"><testcase name="check if the best buy product application can be accessed by user"/><testcase name="Create a product and verify if the product is added"/><testcase name="Getting product information by Id"/><testcase name="Update a created product &amp; verify if the product is updated"/><testcase name="Delete a created product &amp; verify the product is deleted"/></testsuite>