<?xml version="1.0" encoding="UTF-8"?><testsuite errors="0" failures="0" name="Testing different requests on the best buy categories application" skipped="0" tests="5" time="11.87" timestamp="2021-08-02T22:20:54.845+01:00[Europe/London]"><testcase name="Verify if the best buy categories application can be accessed by users"/><testcase name="Create a new categories and verify if categories is added"/><testcase name="Getting categories information by Id"/><testcase name="Update the created categories record and verify if the categories is updated"/><testcase name="Delete a created categories and verify the categories is deleted"/></testsuite>