<?xml version="1.0" encoding="UTF-8"?><testsuite errors="0" failures="0" name="Testing different requests on the best buy service application" skipped="0" tests="5" time="0.95" timestamp="2021-08-02T22:21:14.769+01:00[Europe/London]"><testcase name="Verify if the best buy services application can be accessed by users"/><testcase name="Create a new services and verify if the service is added"/><testcase name="Getting services information by Id"/><testcase name="Update a created services and verify if the service is updated"/><testcase name="Delete a created services and verify the services is deleted"/></testsuite>